!SESSION 2019-06-17 16:02:30.299 -----------------------------------------------
eclipse.buildId=4.5.2.M20160212-1500
java.version=1.8.0_31
java.vendor=Oracle Corporation
BootLoader constants: OS=win32, ARCH=x86, WS=win32, NL=fr_FR
Framework arguments:  -product org.eclipse.platform.ide
Command-line arguments:  -product org.eclipse.platform.ide -data C:\tp_osgi\workspaces\TPLibreOSGI/../runtime-edu.tplibre.ihm.product -dev file:C:/tp_osgi/workspaces/TPLibreOSGI/.metadata/.plugins/org.eclipse.pde.core/edu.tplibre.ihm.product/dev.properties -os win32 -ws win32 -arch x86 -consoleLog

!ENTRY edu.tplibre.ihm 4 0 2019-06-17 16:02:31.137
!MESSAGE FrameworkEvent ERROR
!STACK 0
org.osgi.framework.BundleException: Could not resolve module: edu.tplibre.ihm [5]
  Unresolved requirement: Require-Bundle: javax.inject; bundle-version="1.0.0"

	at org.eclipse.osgi.container.Module.start(Module.java:434)
	at org.eclipse.osgi.container.ModuleContainer$ContainerStartLevel.incStartLevel(ModuleContainer.java:1582)
	at org.eclipse.osgi.container.ModuleContainer$ContainerStartLevel.incStartLevel(ModuleContainer.java:1562)
	at org.eclipse.osgi.container.ModuleContainer$ContainerStartLevel.doContainerStartLevel(ModuleContainer.java:1533)
	at org.eclipse.osgi.container.ModuleContainer$ContainerStartLevel.dispatchEvent(ModuleContainer.java:1476)
	at org.eclipse.osgi.container.ModuleContainer$ContainerStartLevel.dispatchEvent(ModuleContainer.java:1)
	at org.eclipse.osgi.framework.eventmgr.EventManager.dispatchEvent(EventManager.java:230)
	at org.eclipse.osgi.framework.eventmgr.EventManager$EventThread.run(EventManager.java:340)

!ENTRY org.eclipse.osgi 4 0 2019-06-17 16:02:31.162
!MESSAGE Bundle initial@reference:file:../workspaces/TPLibreOSGI/edu.tplibre.ihm/ was not resolved.

!ENTRY edu.tplibre.ihm 2 0 2019-06-17 16:02:31.169
!MESSAGE Could not resolve module: edu.tplibre.ihm [5]
  Unresolved requirement: Require-Bundle: javax.inject; bundle-version="1.0.0"


!ENTRY org.eclipse.osgi 4 0 2019-06-17 16:02:31.208
!MESSAGE Application error
!STACK 1
java.lang.IllegalStateException: Unable to acquire application service. Ensure that the org.eclipse.core.runtime bundle is resolved and started (see config.ini).
	at org.eclipse.core.runtime.internal.adaptor.EclipseAppLauncher.start(EclipseAppLauncher.java:78)
	at org.eclipse.core.runtime.adaptor.EclipseStarter.run(EclipseStarter.java:380)
	at org.eclipse.core.runtime.adaptor.EclipseStarter.run(EclipseStarter.java:235)
	at sun.reflect.NativeMethodAccessorImpl.invoke0(Native Method)
	at sun.reflect.NativeMethodAccessorImpl.invoke(NativeMethodAccessorImpl.java:62)
	at sun.reflect.DelegatingMethodAccessorImpl.invoke(DelegatingMethodAccessorImpl.java:43)
	at java.lang.reflect.Method.invoke(Method.java:483)
	at org.eclipse.equinox.launcher.Main.invokeFramework(Main.java:669)
	at org.eclipse.equinox.launcher.Main.basicRun(Main.java:608)
	at org.eclipse.equinox.launcher.Main.run(Main.java:1515)
	at org.eclipse.equinox.launcher.Main.main(Main.java:1488)
