!SESSION 2019-06-17 16:02:48.017 -----------------------------------------------
eclipse.buildId=unknown
java.version=1.8.0_31
java.vendor=Oracle Corporation
BootLoader constants: OS=win32, ARCH=x86, WS=win32, NL=fr_FR
Framework arguments:  -product edu.tplibre.ihm.product -clearPersistedState
Command-line arguments:  -product edu.tplibre.ihm.product -data C:\tp_osgi\workspaces\TPLibreOSGI/../runtime-edu.tplibre.ihm.product(1) -dev file:C:/tp_osgi/workspaces/TPLibreOSGI/.metadata/.plugins/org.eclipse.pde.core/edu.tplibre.ihm.product (1)/dev.properties -os win32 -ws win32 -arch x86 -consoleLog -clearPersistedState

!ENTRY org.eclipse.equinox.app 0 0 2019-06-17 16:02:52.443
!MESSAGE Product edu.tplibre.ihm.product could not be found.

!ENTRY edu.tplibre.ihm 2 0 2019-06-17 16:02:52.464
!MESSAGE Could not resolve module: edu.tplibre.ihm [13]
  Unresolved requirement: Require-Bundle: edu.tplibre.magasin; bundle-version="1.0.0"


!ENTRY org.eclipse.osgi 4 0 2019-06-17 16:02:52.468
!MESSAGE Application error
!STACK 1
java.lang.RuntimeException: No application id has been found.
	at org.eclipse.equinox.internal.app.EclipseAppContainer.startDefaultApp(EclipseAppContainer.java:242)
	at org.eclipse.equinox.internal.app.MainApplicationLauncher.run(MainApplicationLauncher.java:29)
	at org.eclipse.core.runtime.internal.adaptor.EclipseAppLauncher.runApplication(EclipseAppLauncher.java:134)
	at org.eclipse.core.runtime.internal.adaptor.EclipseAppLauncher.start(EclipseAppLauncher.java:104)
	at org.eclipse.core.runtime.adaptor.EclipseStarter.run(EclipseStarter.java:380)
	at org.eclipse.core.runtime.adaptor.EclipseStarter.run(EclipseStarter.java:235)
	at sun.reflect.NativeMethodAccessorImpl.invoke0(Native Method)
	at sun.reflect.NativeMethodAccessorImpl.invoke(NativeMethodAccessorImpl.java:62)
	at sun.reflect.DelegatingMethodAccessorImpl.invoke(DelegatingMethodAccessorImpl.java:43)
	at java.lang.reflect.Method.invoke(Method.java:483)
	at org.eclipse.equinox.launcher.Main.invokeFramework(Main.java:669)
	at org.eclipse.equinox.launcher.Main.basicRun(Main.java:608)
	at org.eclipse.equinox.launcher.Main.run(Main.java:1515)
	at org.eclipse.equinox.launcher.Main.main(Main.java:1488)
